<?xml version="1.0" encoding="UTF-8"?>
<testsuite name="com.adventure.MT2" tests="2" skipped="0" failures="1" errors="0" timestamp="2022-06-08T19:56:02" hostname="DESKTOP-AH4RJJG" time="0.034">
  <properties/>
  <testcase name="canOpenDoor()" classname="com.adventure.MT2" time="0.03"/>
  <testcase name="setName()" classname="com.adventure.MT2" time="0.004">
    <failure message="java.lang.StackOverflowError" type="java.lang.StackOverflowError">java.lang.StackOverflowError
	at main.com.adventure.player.Player.getName(Player.java:41)
	at main.com.adventure.player.Player.getName(Player.java:41)
	at main.com.adventure.player.Player.getName(Player.java:41)
	at main.com.adventure.player.Player.getName(Player.java:41)
	at main.com.adventure.player.Player.getName(Player.java:41)
	at main.com.adventure.player.Player.getName(Player.java:41)
	at main.com.adventure.player.Player.getName(Player.java:41)
	at main.com.adventure.player.Player.getName(Player.java:41)
	at main.com.adventure.player.Player.getName(Player.java:41)
	at main.com.adventure.player.Player.getName(Player.java:41)
	at main.com.adventure.player.Player.getName(Player.java:41)
	at main.com.adventure.player.Player.getName(Player.java:41)
	at main.com.adventure.player.Player.getName(Player.java:41)
	at main.com.adventure.player.Player.getName(Player.java:41)
	at main.com.adventure.player.Player.getName(Player.java:41)
	at main.com.adventure.player.Player.getName(Player.java:41)
	at main.com.adventure.player.Player.getName(Player.java:41)
	at main.com.adventure.player.Player.getName(Player.java:41)
	at main.com.adventure.player.Player.getName(Player.java:41)
	at main.com.adventure.player.Player.getName(Player.java:41)
	at main.com.adventure.player.Player.getName(Player.java:41)
	at main.com.adventure.player.Player.getName(Player.java:41)
	at main.com.adventure.player.Player.getName(Player.java:41)
	at main.com.adventure.player.Player.getName(Player.java:41)
	at main.com.adventure.player.Player.getName(Player.java:41)
	at main.com.adventure.player.Player.getName(Player.java:41)
	at main.com.adventure.player.Player.getName(Player.java:41)
	at main.com.adventure.player.Player.getName(Player.java:41)
	at main.com.adventure.player.Player.getName(Player.java:41)
	at main.com.adventure.player.Player.getName(Player.java:41)
	at main.com.adventure.player.Player.getName(Player.java:41)
	at main.com.adventure.player.Player.getName(Player.java:41)
	at main.com.adventure.player.Player.getName(Player.java:41)
	at main.com.adventure.player.Player.getName(Player.java:41)
	at main.com.adventure.player.Player.getName(Player.java:41)
	at main.com.adventure.player.Player.getName(Player.java:41)
	at main.com.adventure.player.Player.getName(Player.java:41)
	at main.com.adventure.player.Player.getName(Player.java:41)
	at main.com.adventure.player.Player.getName(Player.java:41)
	at main.com.adventure.player.Player.getName(Player.java:41)
	at main.com.adventure.player.Player.getName(Player.java:41)
	at main.com.adventure.player.Player.getName(Player.java:41)
	at main.com.adventure.player.Player.getName(Player.java:41)
	at main.com.adventure.player.Player.getName(Player.java:41)
	at main.com.adventure.player.Player.getName(Player.java:41)
	at main.com.adventure.player.Player.getName(Player.java:41)
	at main.com.adventure.player.Player.getName(Player.java:41)
	at main.com.adventure.player.Player.getName(Player.java:41)
	at main.com.adventure.player.Player.getName(Player.java:41)
	at main.com.adventure.player.Player.getName(Player.java:41)
	at main.com.adventure.player.Player.getName(Player.java:41)
	at main.com.adventure.player.Player.getName(Player.java:41)
	at main.com.adventure.player.Player.getName(Player.java:41)
	at main.com.adventure.player.Player.getName(Player.java:41)
	at main.com.adventure.player.Player.getName(Player.java:41)
	at main.com.adventure.player.Player.getName(Player.java:41)
	at main.com.adventure.player.Player.getName(Player.java:41)
	at main.com.adventure.player.Player.getName(Player.java:41)
	at main.com.adventure.player.Player.getName(Player.java:41)
	at main.com.adventure.player.Player.getName(Player.java:41)
	at main.com.adventure.player.Player.getName(Player.java:41)
	at main.com.adventure.player.Player.getName(Player.java:41)
	at main.com.adventure.player.Player.getName(Player.java:41)
	at main.com.adventure.player.Player.getName(Player.java:41)
	at main.com.adventure.player.Player.getName(Player.java:41)
	at main.com.adventure.player.Player.getName(Player.java:41)
	at main.com.adventure.player.Player.getName(Player.java:41)
	at main.com.adventure.player.Player.getName(Player.java:41)
	at main.com.adventure.player.Player.getName(Player.java:41)
	at main.com.adventure.player.Player.getName(Player.java:41)
	at main.com.adventure.player.Player.getName(Player.java:41)
	at main.com.adventure.player.Player.getName(Player.java:41)
	at main.com.adventure.player.Player.getName(Player.java:41)
	at main.com.adventure.player.Player.getName(Player.java:41)
	at main.com.adventure.player.Player.getName(Player.java:41)
	at main.com.adventure.player.Player.getName(Player.java:41)
	at main.com.adventure.player.Player.getName(Player.java:41)
	at main.com.adventure.player.Player.getName(Player.java:41)
	at main.com.adventure.player.Player.getName(Player.java:41)
	at main.com.adventure.player.Player.getName(Player.java:41)
	at main.com.adventure.player.Player.getName(Player.java:41)
	at main.com.adventure.player.Player.getName(Player.java:41)
	at main.com.adventure.player.Player.getName(Player.java:41)
	at main.com.adventure.player.Player.getName(Player.java:41)
	at main.com.adventure.player.Player.getName(Player.java:41)
	at main.com.adventure.player.Player.getName(Player.java:41)
	at main.com.adventure.player.Player.getName(Player.java:41)
	at main.com.adventure.player.Player.getName(Player.java:41)
	at main.com.adventure.player.Player.getName(Player.java:41)
	at main.com.adventure.player.Player.getName(Player.java:41)
	at main.com.adventure.player.Player.getName(Player.java:41)
	at main.com.adventure.player.Player.getName(Player.java:41)
	at main.com.adventure.player.Player.getName(Player.java:41)
	at main.com.adventure.player.Player.getName(Player.java:41)
	at main.com.adventure.player.Player.getName(Player.java:41)
	at main.com.adventure.player.Player.getName(Player.java:41)
	at main.com.adventure.player.Player.getName(Player.java:41)
	at main.com.adventure.player.Player.getName(Player.java:41)
	at main.com.adventure.player.Player.getName(Player.java:41)
	at main.com.adventure.player.Player.getName(Player.java:41)
	at main.com.adventure.player.Player.getName(Player.java:41)
	at main.com.adventure.player.Player.getName(Player.java:41)
	at main.com.adventure.player.Player.getName(Player.java:41)
	at main.com.adventure.player.Player.getName(Player.java:41)
	at main.com.adventure.player.Player.getName(Player.java:41)
	at main.com.adventure.player.Player.getName(Player.java:41)
	at main.com.adventure.player.Player.getName(Player.java:41)
	at main.com.adventure.player.Player.getName(Player.java:41)
	at main.com.adventure.player.Player.getName(Player.java:41)
	at main.com.adventure.player.Player.getName(Player.java:41)
	at main.com.adventure.player.Player.getName(Player.java:41)
	at main.com.adventure.player.Player.getName(Player.java:41)
	at main.com.adventure.player.Player.getName(Player.java:41)
	at main.com.adventure.player.Player.getName(Player.java:41)
	at main.com.adventure.player.Player.getName(Player.java:41)
	at main.com.adventure.player.Player.getName(Player.java:41)
	at main.com.adventure.player.Player.getName(Player.java:41)
	at main.com.adventure.player.Player.getName(Player.java:41)
	at main.com.adventure.player.Player.getName(Player.java:41)
	at main.com.adventure.player.Player.getName(Player.java:41)
	at main.com.adventure.player.Player.getName(Player.java:41)
	at main.com.adventure.player.Player.getName(Player.java:41)
	at main.com.adventure.player.Player.getName(Player.java:41)
	at main.com.adventure.player.Player.getName(Player.java:41)
	at main.com.adventure.player.Player.getName(Player.java:41)
	at main.com.adventure.player.Player.getName(Player.java:41)
	at main.com.adventure.player.Player.getName(Player.java:41)
	at main.com.adventure.player.Player.getName(Player.java:41)
	at main.com.adventure.player.Player.getName(Player.java:41)
	at main.com.adventure.player.Player.getName(Player.java:41)
	at main.com.adventure.player.Player.getName(Player.java:41)
	at main.com.adventure.player.Player.getName(Player.java:41)
	at main.com.adventure.player.Player.getName(Player.java:41)
	at main.com.adventure.player.Player.getName(Player.java:41)
	at main.com.adventure.player.Player.getName(Player.java:41)
	at main.com.adventure.player.Player.getName(Player.java:41)
	at main.com.adventure.player.Player.getName(Player.java:41)
	at main.com.adventure.player.Player.getName(Player.java:41)
	at main.com.adventure.player.Player.getName(Player.java:41)
	at main.com.adventure.player.Player.getName(Player.java:41)
	at main.com.adventure.player.Player.getName(Player.java:41)
	at main.com.adventure.player.Player.getName(Player.java:41)
	at main.com.adventure.player.Player.getName(Player.java:41)
	at main.com.adventure.player.Player.getName(Player.java:41)
	at main.com.adventure.player.Player.getName(Player.java:41)
	at main.com.adventure.player.Player.getName(Player.java:41)
	at main.com.adventure.player.Player.getName(Player.java:41)
	at main.com.adventure.player.Player.getName(Player.java:41)
	at main.com.adventure.player.Player.getName(Player.java:41)
	at main.com.adventure.player.Player.getName(Player.java:41)
	at main.com.adventure.player.Player.getName(Player.java:41)
	at main.com.adventure.player.Player.getName(Player.java:41)
	at main.com.adventure.player.Player.getName(Player.java:41)
	at main.com.adventure.player.Player.getName(Player.java:41)
	at main.com.adventure.player.Player.getName(Player.java:41)
	at main.com.adventure.player.Player.getName(Player.java:41)
	at main.com.adventure.player.Player.getName(Player.java:41)
	at main.com.adventure.player.Player.getName(Player.java:41)
	at main.com.adventure.player.Player.getName(Player.java:41)
	at main.com.adventure.player.Player.getName(Player.java:41)
	at main.com.adventure.player.Player.getName(Player.java:41)
	at main.com.adventure.player.Player.getName(Player.java:41)
	at main.com.adventure.player.Player.getName(Player.java:41)
	at main.com.adventure.player.Player.getName(Player.java:41)
	at main.com.adventure.player.Player.getName(Player.java:41)
	at main.com.adventure.player.Player.getName(Player.java:41)
	at main.com.adventure.player.Player.getName(Player.java:41)
	at main.com.adventure.player.Player.getName(Player.java:41)
	at main.com.adventure.player.Player.getName(Player.java:41)
	at main.com.adventure.player.Player.getName(Player.java:41)
	at main.com.adventure.player.Player.getName(Player.java:41)
	at main.com.adventure.player.Player.getName(Player.java:41)
	at main.com.adventure.player.Player.getName(Player.java:41)
	at main.com.adventure.player.Player.getName(Player.java:41)
	at main.com.adventure.player.Player.getName(Player.java:41)
	at main.com.adventure.player.Player.getName(Player.java:41)
	at main.com.adventure.player.Player.getName(Player.java:41)
	at main.com.adventure.player.Player.getName(Player.java:41)
	at main.com.adventure.player.Player.getName(Player.java:41)
	at main.com.adventure.player.Player.getName(Player.java:41)
	at main.com.adventure.player.Player.getName(Player.java:41)
	at main.com.adventure.player.Player.getName(Player.java:41)
	at main.com.adventure.player.Player.getName(Player.java:41)
	at main.com.adventure.player.Player.getName(Player.java:41)
	at main.com.adventure.player.Player.getName(Player.java:41)
	at main.com.adventure.player.Player.getName(Player.java:41)
	at main.com.adventure.player.Player.getName(Player.java:41)
	at main.com.adventure.player.Player.getName(Player.java:41)
	at main.com.adventure.player.Player.getName(Player.java:41)
	at main.com.adventure.player.Player.getName(Player.java:41)
	at main.com.adventure.player.Player.getName(Player.java:41)
	at main.com.adventure.player.Player.getName(Player.java:41)
	at main.com.adventure.player.Player.getName(Player.java:41)
	at main.com.adventure.player.Player.getName(Player.java:41)
	at main.com.adventure.player.Player.getName(Player.java:41)
	at main.com.adventure.player.Player.getName(Player.java:41)
	at main.com.adventure.player.Player.getName(Player.java:41)
	at main.com.adventure.player.Player.getName(Player.java:41)
	at main.com.adventure.player.Player.getName(Player.java:41)
	at main.com.adventure.player.Player.getName(Player.java:41)
	at main.com.adventure.player.Player.getName(Player.java:41)
	at main.com.adventure.player.Player.getName(Player.java:41)
	at main.com.adventure.player.Player.getName(Player.java:41)
	at main.com.adventure.player.Player.getName(Player.java:41)
	at main.com.adventure.player.Player.getName(Player.java:41)
	at main.com.adventure.player.Player.getName(Player.java:41)
	at main.com.adventure.player.Player.getName(Player.java:41)
	at main.com.adventure.player.Player.getName(Player.java:41)
	at main.com.adventure.player.Player.getName(Player.java:41)
	at main.com.adventure.player.Player.getName(Player.java:41)
	at main.com.adventure.player.Player.getName(Player.java:41)
	at main.com.adventure.player.Player.getName(Player.java:41)
	at main.com.adventure.player.Player.getName(Player.java:41)
	at main.com.adventure.player.Player.getName(Player.java:41)
	at main.com.adventure.player.Player.getName(Player.java:41)
	at main.com.adventure.player.Player.getName(Player.java:41)
	at main.com.adventure.player.Player.getName(Player.java:41)
	at main.com.adventure.player.Player.getName(Player.java:41)
	at main.com.adventure.player.Player.getName(Player.java:41)
	at main.com.adventure.player.Player.getName(Player.java:41)
	at main.com.adventure.player.Player.getName(Player.java:41)
	at main.com.adventure.player.Player.getName(Player.java:41)
	at main.com.adventure.player.Player.getName(Player.java:41)
	at main.com.adventure.player.Player.getName(Player.java:41)
	at main.com.adventure.player.Player.getName(Player.java:41)
	at main.com.adventure.player.Player.getName(Player.java:41)
	at main.com.adventure.player.Player.getName(Player.java:41)
	at main.com.adventure.player.Player.getName(Player.java:41)
	at main.com.adventure.player.Player.getName(Player.java:41)
	at main.com.adventure.player.Player.getName(Player.java:41)
	at main.com.adventure.player.Player.getName(Player.java:41)
	at main.com.adventure.player.Player.getName(Player.java:41)
	at main.com.adventure.player.Player.getName(Player.java:41)
	at main.com.adventure.player.Player.getName(Player.java:41)
	at main.com.adventure.player.Player.getName(Player.java:41)
	at main.com.adventure.player.Player.getName(Player.java:41)
	at main.com.adventure.player.Player.getName(Player.java:41)
	at main.com.adventure.player.Player.getName(Player.java:41)
	at main.com.adventure.player.Player.getName(Player.java:41)
	at main.com.adventure.player.Player.getName(Player.java:41)
	at main.com.adventure.player.Player.getName(Player.java:41)
	at main.com.adventure.player.Player.getName(Player.java:41)
	at main.com.adventure.player.Player.getName(Player.java:41)
	at main.com.adventure.player.Player.getName(Player.java:41)
	at main.com.adventure.player.Player.getName(Player.java:41)
	at main.com.adventure.player.Player.getName(Player.java:41)
	at main.com.adventure.player.Player.getName(Player.java:41)
	at main.com.adventure.player.Player.getName(Player.java:41)
	at main.com.adventure.player.Player.getName(Player.java:41)
	at main.com.adventure.player.Player.getName(Player.java:41)
	at main.com.adventure.player.Player.getName(Player.java:41)
	at main.com.adventure.player.Player.getName(Player.java:41)
	at main.com.adventure.player.Player.getName(Player.java:41)
	at main.com.adventure.player.Player.getName(Player.java:41)
	at main.com.adventure.player.Player.getName(Player.java:41)
	at main.com.adventure.player.Player.getName(Player.java:41)
	at main.com.adventure.player.Player.getName(Player.java:41)
	at main.com.adventure.player.Player.getName(Player.java:41)
	at main.com.adventure.player.Player.getName(Player.java:41)
	at main.com.adventure.player.Player.getName(Player.java:41)
	at main.com.adventure.player.Player.getName(Player.java:41)
	at main.com.adventure.player.Player.getName(Player.java:41)
	at main.com.adventure.player.Player.getName(Player.java:41)
	at main.com.adventure.player.Player.getName(Player.java:41)
	at main.com.adventure.player.Player.getName(Player.java:41)
	at main.com.adventure.player.Player.getName(Player.java:41)
	at main.com.adventure.player.Player.getName(Player.java:41)
	at main.com.adventure.player.Player.getName(Player.java:41)
	at main.com.adventure.player.Player.getName(Player.java:41)
	at main.com.adventure.player.Player.getName(Player.java:41)
	at main.com.adventure.player.Player.getName(Player.java:41)
	at main.com.adventure.player.Player.getName(Player.java:41)
	at main.com.adventure.player.Player.getName(Player.java:41)
	at main.com.adventure.player.Player.getName(Player.java:41)
	at main.com.adventure.player.Player.getName(Player.java:41)
	at main.com.adventure.player.Player.getName(Player.java:41)
	at main.com.adventure.player.Player.getName(Player.java:41)
	at main.com.adventure.player.Player.getName(Player.java:41)
	at main.com.adventure.player.Player.getName(Player.java:41)
	at main.com.adventure.player.Player.getName(Player.java:41)
	at main.com.adventure.player.Player.getName(Player.java:41)
	at main.com.adventure.player.Player.getName(Player.java:41)
	at main.com.adventure.player.Player.getName(Player.java:41)
	at main.com.adventure.player.Player.getName(Player.java:41)
	at main.com.adventure.player.Player.getName(Player.java:41)
	at main.com.adventure.player.Player.getName(Player.java:41)
	at main.com.adventure.player.Player.getName(Player.java:41)
	at main.com.adventure.player.Player.getName(Player.java:41)
	at main.com.adventure.player.Player.getName(Player.java:41)
	at main.com.adventure.player.Player.getName(Player.java:41)
	at main.com.adventure.player.Player.getName(Player.java:41)
	at main.com.adventure.player.Player.getName(Player.java:41)
	at main.com.adventure.player.Player.getName(Player.java:41)
	at main.com.adventure.player.Player.getName(Player.java:41)
	at main.com.adventure.player.Player.getName(Player.java:41)
	at main.com.adventure.player.Player.getName(Player.java:41)
	at main.com.adventure.player.Player.getName(Player.java:41)
	at main.com.adventure.player.Player.getName(Player.java:41)
	at main.com.adventure.player.Player.getName(Player.java:41)
	at main.com.adventure.player.Player.getName(Player.java:41)
	at main.com.adventure.player.Player.getName(Player.java:41)
	at main.com.adventure.player.Player.getName(Player.java:41)
	at main.com.adventure.player.Player.getName(Player.java:41)
	at main.com.adventure.player.Player.getName(Player.java:41)
	at main.com.adventure.player.Player.getName(Player.java:41)
	at main.com.adventure.player.Player.getName(Player.java:41)
	at main.com.adventure.player.Player.getName(Player.java:41)
	at main.com.adventure.player.Player.getName(Player.java:41)
	at main.com.adventure.player.Player.getName(Player.java:41)
	at main.com.adventure.player.Player.getName(Player.java:41)
	at main.com.adventure.player.Player.getName(Player.java:41)
	at main.com.adventure.player.Player.getName(Player.java:41)
	at main.com.adventure.player.Player.getName(Player.java:41)
	at main.com.adventure.player.Player.getName(Player.java:41)
	at main.com.adventure.player.Player.getName(Player.java:41)
	at main.com.adventure.player.Player.getName(Player.java:41)
	at main.com.adventure.player.Player.getName(Player.java:41)
	at main.com.adventure.player.Player.getName(Player.java:41)
	at main.com.adventure.player.Player.getName(Player.java:41)
	at main.com.adventure.player.Player.getName(Player.java:41)
	at main.com.adventure.player.Player.getName(Player.java:41)
	at main.com.adventure.player.Player.getName(Player.java:41)
	at main.com.adventure.player.Player.getName(Player.java:41)
	at main.com.adventure.player.Player.getName(Player.java:41)
	at main.com.adventure.player.Player.getName(Player.java:41)
	at main.com.adventure.player.Player.getName(Player.java:41)
	at main.com.adventure.player.Player.getName(Player.java:41)
	at main.com.adventure.player.Player.getName(Player.java:41)
	at main.com.adventure.player.Player.getName(Player.java:41)
	at main.com.adventure.player.Player.getName(Player.java:41)
	at main.com.adventure.player.Player.getName(Player.java:41)
	at main.com.adventure.player.Player.getName(Player.java:41)
	at main.com.adventure.player.Player.getName(Player.java:41)
	at main.com.adventure.player.Player.getName(Player.java:41)
	at main.com.adventure.player.Player.getName(Player.java:41)
	at main.com.adventure.player.Player.getName(Player.java:41)
	at main.com.adventure.player.Player.getName(Player.java:41)
	at main.com.adventure.player.Player.getName(Player.java:41)
	at main.com.adventure.player.Player.getName(Player.java:41)
	at main.com.adventure.player.Player.getName(Player.java:41)
	at main.com.adventure.player.Player.getName(Player.java:41)
	at main.com.adventure.player.Player.getName(Player.java:41)
	at main.com.adventure.player.Player.getName(Player.java:41)
	at main.com.adventure.player.Player.getName(Player.java:41)
	at main.com.adventure.player.Player.getName(Player.java:41)
	at main.com.adventure.player.Player.getName(Player.java:41)
	at main.com.adventure.player.Player.getName(Player.java:41)
	at main.com.adventure.player.Player.getName(Player.java:41)
	at main.com.adventure.player.Player.getName(Player.java:41)
	at main.com.adventure.player.Player.getName(Player.java:41)
	at main.com.adventure.player.Player.getName(Player.java:41)
	at main.com.adventure.player.Player.getName(Player.java:41)
	at main.com.adventure.player.Player.getName(Player.java:41)
	at main.com.adventure.player.Player.getName(Player.java:41)
	at main.com.adventure.player.Player.getName(Player.java:41)
	at main.com.adventure.player.Player.getName(Player.java:41)
	at main.com.adventure.player.Player.getName(Player.java:41)
	at main.com.adventure.player.Player.getName(Player.java:41)
	at main.com.adventure.player.Player.getName(Player.java:41)
	at main.com.adventure.player.Player.getName(Player.java:41)
	at main.com.adventure.player.Player.getName(Player.java:41)
	at main.com.adventure.player.Player.getName(Player.java:41)
	at main.com.adventure.player.Player.getName(Player.java:41)
	at main.com.adventure.player.Player.getName(Player.java:41)
	at main.com.adventure.player.Player.getName(Player.java:41)
	at main.com.adventure.player.Player.getName(Player.java:41)
	at main.com.adventure.player.Player.getName(Player.java:41)
	at main.com.adventure.player.Player.getName(Player.java:41)
	at main.com.adventure.player.Player.getName(Player.java:41)
	at main.com.adventure.player.Player.getName(Player.java:41)
	at main.com.adventure.player.Player.getName(Player.java:41)
	at main.com.adventure.player.Player.getName(Player.java:41)
	at main.com.adventure.player.Player.getName(Player.java:41)
	at main.com.adventure.player.Player.getName(Player.java:41)
	at main.com.adventure.player.Player.getName(Player.java:41)
	at main.com.adventure.player.Player.getName(Player.java:41)
	at main.com.adventure.player.Player.getName(Player.java:41)
	at main.com.adventure.player.Player.getName(Player.java:41)
	at main.com.adventure.player.Player.getName(Player.java:41)
	at main.com.adventure.player.Player.getName(Player.java:41)
	at main.com.adventure.player.Player.getName(Player.java:41)
	at main.com.adventure.player.Player.getName(Player.java:41)
	at main.com.adventure.player.Player.getName(Player.java:41)
	at main.com.adventure.player.Player.getName(Player.java:41)
	at main.com.adventure.player.Player.getName(Player.java:41)
	at main.com.adventure.player.Player.getName(Player.java:41)
	at main.com.adventure.player.Player.getName(Player.java:41)
	at main.com.adventure.player.Player.getName(Player.java:41)
	at main.com.adventure.player.Player.getName(Player.java:41)
	at main.com.adventure.player.Player.getName(Player.java:41)
	at main.com.adventure.player.Player.getName(Player.java:41)
	at main.com.adventure.player.Player.getName(Player.java:41)
	at main.com.adventure.player.Player.getName(Player.java:41)
	at main.com.adventure.player.Player.getName(Player.java:41)
	at main.com.adventure.player.Player.getName(Player.java:41)
	at main.com.adventure.player.Player.getName(Player.java:41)
	at main.com.adventure.player.Player.getName(Player.java:41)
	at main.com.adventure.player.Player.getName(Player.java:41)
	at main.com.adventure.player.Player.getName(Player.java:41)
	at main.com.adventure.player.Player.getName(Player.java:41)
	at main.com.adventure.player.Player.getName(Player.java:41)
	at main.com.adventure.player.Player.getName(Player.java:41)
	at main.com.adventure.player.Player.getName(Player.java:41)
	at main.com.adventure.player.Player.getName(Player.java:41)
	at main.com.adventure.player.Player.getName(Player.java:41)
	at main.com.adventure.player.Player.getName(Player.java:41)
	at main.com.adventure.player.Player.getName(Player.java:41)
	at main.com.adventure.player.Player.getName(Player.java:41)
	at main.com.adventure.player.Player.getName(Player.java:41)
	at main.com.adventure.player.Player.getName(Player.java:41)
	at main.com.adventure.player.Player.getName(Player.java:41)
	at main.com.adventure.player.Player.getName(Player.java:41)
	at main.com.adventure.player.Player.getName(Player.java:41)
	at main.com.adventure.player.Player.getName(Player.java:41)
	at main.com.adventure.player.Player.getName(Player.java:41)
	at main.com.adventure.player.Player.getName(Player.java:41)
	at main.com.adventure.player.Player.getName(Player.java:41)
	at main.com.adventure.player.Player.getName(Player.java:41)
	at main.com.adventure.player.Player.getName(Player.java:41)
	at main.com.adventure.player.Player.getName(Player.java:41)
	at main.com.adventure.player.Player.getName(Player.java:41)
	at main.com.adventure.player.Player.getName(Player.java:41)
	at main.com.adventure.player.Player.getName(Player.java:41)
	at main.com.adventure.player.Player.getName(Player.java:41)
	at main.com.adventure.player.Player.getName(Player.java:41)
	at main.com.adventure.player.Player.getName(Player.java:41)
	at main.com.adventure.player.Player.getName(Player.java:41)
	at main.com.adventure.player.Player.getName(Player.java:41)
	at main.com.adventure.player.Player.getName(Player.java:41)
	at main.com.adventure.player.Player.getName(Player.java:41)
	at main.com.adventure.player.Player.getName(Player.java:41)
	at main.com.adventure.player.Player.getName(Player.java:41)
	at main.com.adventure.player.Player.getName(Player.java:41)
	at main.com.adventure.player.Player.getName(Player.java:41)
	at main.com.adventure.player.Player.getName(Player.java:41)
	at main.com.adventure.player.Player.getName(Player.java:41)
	at main.com.adventure.player.Player.getName(Player.java:41)
	at main.com.adventure.player.Player.getName(Player.java:41)
	at main.com.adventure.player.Player.getName(Player.java:41)
	at main.com.adventure.player.Player.getName(Player.java:41)
	at main.com.adventure.player.Player.getName(Player.java:41)
	at main.com.adventure.player.Player.getName(Player.java:41)
	at main.com.adventure.player.Player.getName(Player.java:41)
	at main.com.adventure.player.Player.getName(Player.java:41)
	at main.com.adventure.player.Player.getName(Player.java:41)
	at main.com.adventure.player.Player.getName(Player.java:41)
	at main.com.adventure.player.Player.getName(Player.java:41)
	at main.com.adventure.player.Player.getName(Player.java:41)
	at main.com.adventure.player.Player.getName(Player.java:41)
	at main.com.adventure.player.Player.getName(Player.java:41)
	at main.com.adventure.player.Player.getName(Player.java:41)
	at main.com.adventure.player.Player.getName(Player.java:41)
	at main.com.adventure.player.Player.getName(Player.java:41)
	at main.com.adventure.player.Player.getName(Player.java:41)
	at main.com.adventure.player.Player.getName(Player.java:41)
	at main.com.adventure.player.Player.getName(Player.java:41)
	at main.com.adventure.player.Player.getName(Player.java:41)
	at main.com.adventure.player.Player.getName(Player.java:41)
	at main.com.adventure.player.Player.getName(Player.java:41)
	at main.com.adventure.player.Player.getName(Player.java:41)
	at main.com.adventure.player.Player.getName(Player.java:41)
	at main.com.adventure.player.Player.getName(Player.java:41)
	at main.com.adventure.player.Player.getName(Player.java:41)
	at main.com.adventure.player.Player.getName(Player.java:41)
	at main.com.adventure.player.Player.getName(Player.java:41)
	at main.com.adventure.player.Player.getName(Player.java:41)
	at main.com.adventure.player.Player.getName(Player.java:41)
	at main.com.adventure.player.Player.getName(Player.java:41)
	at main.com.adventure.player.Player.getName(Player.java:41)
	at main.com.adventure.player.Player.getName(Player.java:41)
	at main.com.adventure.player.Player.getName(Player.java:41)
	at main.com.adventure.player.Player.getName(Player.java:41)
	at main.com.adventure.player.Player.getName(Player.java:41)
	at main.com.adventure.player.Player.getName(Player.java:41)
	at main.com.adventure.player.Player.getName(Player.java:41)
	at main.com.adventure.player.Player.getName(Player.java:41)
	at main.com.adventure.player.Player.getName(Player.java:41)
	at main.com.adventure.player.Player.getName(Player.java:41)
	at main.com.adventure.player.Player.getName(Player.java:41)
	at main.com.adventure.player.Player.getName(Player.java:41)
	at main.com.adventure.player.Player.getName(Player.java:41)
	at main.com.adventure.player.Player.getName(Player.java:41)
	at main.com.adventure.player.Player.getName(Player.java:41)
	at main.com.adventure.player.Player.getName(Player.java:41)
	at main.com.adventure.player.Player.getName(Player.java:41)
	at main.com.adventure.player.Player.getName(Player.java:41)
	at main.com.adventure.player.Player.getName(Player.java:41)
	at main.com.adventure.player.Player.getName(Player.java:41)
	at main.com.adventure.player.Player.getName(Player.java:41)
	at main.com.adventure.player.Player.getName(Player.java:41)
	at main.com.adventure.player.Player.getName(Player.java:41)
	at main.com.adventure.player.Player.getName(Player.java:41)
	at main.com.adventure.player.Player.getName(Player.java:41)
	at main.com.adventure.player.Player.getName(Player.java:41)
	at main.com.adventure.player.Player.getName(Player.java:41)
	at main.com.adventure.player.Player.getName(Player.java:41)
	at main.com.adventure.player.Player.getName(Player.java:41)
	at main.com.adventure.player.Player.getName(Player.java:41)
	at main.com.adventure.player.Player.getName(Player.java:41)
	at main.com.adventure.player.Player.getName(Player.java:41)
	at main.com.adventure.player.Player.getName(Player.java:41)
	at main.com.adventure.player.Player.getName(Player.java:41)
	at main.com.adventure.player.Player.getName(Player.java:41)
	at main.com.adventure.player.Player.getName(Player.java:41)
	at main.com.adventure.player.Player.getName(Player.java:41)
	at main.com.adventure.player.Player.getName(Player.java:41)
	at main.com.adventure.player.Player.getName(Player.java:41)
	at main.com.adventure.player.Player.getName(Player.java:41)
	at main.com.adventure.player.Player.getName(Player.java:41)
	at main.com.adventure.player.Player.getName(Player.java:41)
	at main.com.adventure.player.Player.getName(Player.java:41)
	at main.com.adventure.player.Player.getName(Player.java:41)
	at main.com.adventure.player.Player.getName(Player.java:41)
	at main.com.adventure.player.Player.getName(Player.java:41)
	at main.com.adventure.player.Player.getName(Player.java:41)
	at main.com.adventure.player.Player.getName(Player.java:41)
	at main.com.adventure.player.Player.getName(Player.java:41)
	at main.com.adventure.player.Player.getName(Player.java:41)
	at main.com.adventure.player.Player.getName(Player.java:41)
	at main.com.adventure.player.Player.getName(Player.java:41)
	at main.com.adventure.player.Player.getName(Player.java:41)
	at main.com.adventure.player.Player.getName(Player.java:41)
	at main.com.adventure.player.Player.getName(Player.java:41)
	at main.com.adventure.player.Player.getName(Player.java:41)
	at main.com.adventure.player.Player.getName(Player.java:41)
	at main.com.adventure.player.Player.getName(Player.java:41)
	at main.com.adventure.player.Player.getName(Player.java:41)
	at main.com.adventure.player.Player.getName(Player.java:41)
	at main.com.adventure.player.Player.getName(Player.java:41)
	at main.com.adventure.player.Player.getName(Player.java:41)
	at main.com.adventure.player.Player.getName(Player.java:41)
	at main.com.adventure.player.Player.getName(Player.java:41)
	at main.com.adventure.player.Player.getName(Player.java:41)
	at main.com.adventure.player.Player.getName(Player.java:41)
	at main.com.adventure.player.Player.getName(Player.java:41)
	at main.com.adventure.player.Player.getName(Player.java:41)
	at main.com.adventure.player.Player.getName(Player.java:41)
	at main.com.adventure.player.Player.getName(Player.java:41)
	at main.com.adventure.player.Player.getName(Player.java:41)
	at main.com.adventure.player.Player.getName(Player.java:41)
	at main.com.adventure.player.Player.getName(Player.java:41)
	at main.com.adventure.player.Player.getName(Player.java:41)
	at main.com.adventure.player.Player.getName(Player.java:41)
	at main.com.adventure.player.Player.getName(Player.java:41)
	at main.com.adventure.player.Player.getName(Player.java:41)
	at main.com.adventure.player.Player.getName(Player.java:41)
	at main.com.adventure.player.Player.getName(Player.java:41)
	at main.com.adventure.player.Player.getName(Player.java:41)
	at main.com.adventure.player.Player.getName(Player.java:41)
	at main.com.adventure.player.Player.getName(Player.java:41)
	at main.com.adventure.player.Player.getName(Player.java:41)
	at main.com.adventure.player.Player.getName(Player.java:41)
	at main.com.adventure.player.Player.getName(Player.java:41)
	at main.com.adventure.player.Player.getName(Player.java:41)
	at main.com.adventure.player.Player.getName(Player.java:41)
	at main.com.adventure.player.Player.getName(Player.java:41)
	at main.com.adventure.player.Player.getName(Player.java:41)
	at main.com.adventure.player.Player.getName(Player.java:41)
	at main.com.adventure.player.Player.getName(Player.java:41)
	at main.com.adventure.player.Player.getName(Player.java:41)
	at main.com.adventure.player.Player.getName(Player.java:41)
	at main.com.adventure.player.Player.getName(Player.java:41)
	at main.com.adventure.player.Player.getName(Player.java:41)
	at main.com.adventure.player.Player.getName(Player.java:41)
	at main.com.adventure.player.Player.getName(Player.java:41)
	at main.com.adventure.player.Player.getName(Player.java:41)
	at main.com.adventure.player.Player.getName(Player.java:41)
	at main.com.adventure.player.Player.getName(Player.java:41)
	at main.com.adventure.player.Player.getName(Player.java:41)
	at main.com.adventure.player.Player.getName(Player.java:41)
	at main.com.adventure.player.Player.getName(Player.java:41)
	at main.com.adventure.player.Player.getName(Player.java:41)
	at main.com.adventure.player.Player.getName(Player.java:41)
	at main.com.adventure.player.Player.getName(Player.java:41)
	at main.com.adventure.player.Player.getName(Player.java:41)
	at main.com.adventure.player.Player.getName(Player.java:41)
	at main.com.adventure.player.Player.getName(Player.java:41)
	at main.com.adventure.player.Player.getName(Player.java:41)
	at main.com.adventure.player.Player.getName(Player.java:41)
	at main.com.adventure.player.Player.getName(Player.java:41)
	at main.com.adventure.player.Player.getName(Player.java:41)
	at main.com.adventure.player.Player.getName(Player.java:41)
	at main.com.adventure.player.Player.getName(Player.java:41)
	at main.com.adventure.player.Player.getName(Player.java:41)
	at main.com.adventure.player.Player.getName(Player.java:41)
	at main.com.adventure.player.Player.getName(Player.java:41)
	at main.com.adventure.player.Player.getName(Player.java:41)
	at main.com.adventure.player.Player.getName(Player.java:41)
	at main.com.adventure.player.Player.getName(Player.java:41)
	at main.com.adventure.player.Player.getName(Player.java:41)
	at main.com.adventure.player.Player.getName(Player.java:41)
	at main.com.adventure.player.Player.getName(Player.java:41)
	at main.com.adventure.player.Player.getName(Player.java:41)
	at main.com.adventure.player.Player.getName(Player.java:41)
	at main.com.adventure.player.Player.getName(Player.java:41)
	at main.com.adventure.player.Player.getName(Player.java:41)
	at main.com.adventure.player.Player.getName(Player.java:41)
	at main.com.adventure.player.Player.getName(Player.java:41)
	at main.com.adventure.player.Player.getName(Player.java:41)
	at main.com.adventure.player.Player.getName(Player.java:41)
	at main.com.adventure.player.Player.getName(Player.java:41)
	at main.com.adventure.player.Player.getName(Player.java:41)
	at main.com.adventure.player.Player.getName(Player.java:41)
	at main.com.adventure.player.Player.getName(Player.java:41)
	at main.com.adventure.player.Player.getName(Player.java:41)
	at main.com.adventure.player.Player.getName(Player.java:41)
	at main.com.adventure.player.Player.getName(Player.java:41)
	at main.com.adventure.player.Player.getName(Player.java:41)
	at main.com.adventure.player.Player.getName(Player.java:41)
	at main.com.adventure.player.Player.getName(Player.java:41)
	at main.com.adventure.player.Player.getName(Player.java:41)
	at main.com.adventure.player.Player.getName(Player.java:41)
	at main.com.adventure.player.Player.getName(Player.java:41)
	at main.com.adventure.player.Player.getName(Player.java:41)
	at main.com.adventure.player.Player.getName(Player.java:41)
	at main.com.adventure.player.Player.getName(Player.java:41)
	at main.com.adventure.player.Player.getName(Player.java:41)
	at main.com.adventure.player.Player.getName(Player.java:41)
	at main.com.adventure.player.Player.getName(Player.java:41)
	at main.com.adventure.player.Player.getName(Player.java:41)
	at main.com.adventure.player.Player.getName(Player.java:41)
	at main.com.adventure.player.Player.getName(Player.java:41)
	at main.com.adventure.player.Player.getName(Player.java:41)
	at main.com.adventure.player.Player.getName(Player.java:41)
	at main.com.adventure.player.Player.getName(Player.java:41)
	at main.com.adventure.player.Player.getName(Player.java:41)
	at main.com.adventure.player.Player.getName(Player.java:41)
	at main.com.adventure.player.Player.getName(Player.java:41)
	at main.com.adventure.player.Player.getName(Player.java:41)
	at main.com.adventure.player.Player.getName(Player.java:41)
	at main.com.adventure.player.Player.getName(Player.java:41)
	at main.com.adventure.player.Player.getName(Player.java:41)
	at main.com.adventure.player.Player.getName(Player.java:41)
	at main.com.adventure.player.Player.getName(Player.java:41)
	at main.com.adventure.player.Player.getName(Player.java:41)
	at main.com.adventure.player.Player.getName(Player.java:41)
	at main.com.adventure.player.Player.getName(Player.java:41)
	at main.com.adventure.player.Player.getName(Player.java:41)
	at main.com.adventure.player.Player.getName(Player.java:41)
	at main.com.adventure.player.Player.getName(Player.java:41)
	at main.com.adventure.player.Player.getName(Player.java:41)
	at main.com.adventure.player.Player.getName(Player.java:41)
	at main.com.adventure.player.Player.getName(Player.java:41)
	at main.com.adventure.player.Player.getName(Player.java:41)
	at main.com.adventure.player.Player.getName(Player.java:41)
	at main.com.adventure.player.Player.getName(Player.java:41)
	at main.com.adventure.player.Player.getName(Player.java:41)
	at main.com.adventure.player.Player.getName(Player.java:41)
	at main.com.adventure.player.Player.getName(Player.java:41)
	at main.com.adventure.player.Player.getName(Player.java:41)
	at main.com.adventure.player.Player.getName(Player.java:41)
	at main.com.adventure.player.Player.getName(Player.java:41)
	at main.com.adventure.player.Player.getName(Player.java:41)
	at main.com.adventure.player.Player.getName(Player.java:41)
	at main.com.adventure.player.Player.getName(Player.java:41)
	at main.com.adventure.player.Player.getName(Player.java:41)
	at main.com.adventure.player.Player.getName(Player.java:41)
	at main.com.adventure.player.Player.getName(Player.java:41)
	at main.com.adventure.player.Player.getName(Player.java:41)
	at main.com.adventure.player.Player.getName(Player.java:41)
	at main.com.adventure.player.Player.getName(Player.java:41)
	at main.com.adventure.player.Player.getName(Player.java:41)
	at main.com.adventure.player.Player.getName(Player.java:41)
	at main.com.adventure.player.Player.getName(Player.java:41)
	at main.com.adventure.player.Player.getName(Player.java:41)
	at main.com.adventure.player.Player.getName(Player.java:41)
	at main.com.adventure.player.Player.getName(Player.java:41)
	at main.com.adventure.player.Player.getName(Player.java:41)
	at main.com.adventure.player.Player.getName(Player.java:41)
	at main.com.adventure.player.Player.getName(Player.java:41)
	at main.com.adventure.player.Player.getName(Player.java:41)
	at main.com.adventure.player.Player.getName(Player.java:41)
	at main.com.adventure.player.Player.getName(Player.java:41)
	at main.com.adventure.player.Player.getName(Player.java:41)
	at main.com.adventure.player.Player.getName(Player.java:41)
	at main.com.adventure.player.Player.getName(Player.java:41)
	at main.com.adventure.player.Player.getName(Player.java:41)
	at main.com.adventure.player.Player.getName(Player.java:41)
	at main.com.adventure.player.Player.getName(Player.java:41)
	at main.com.adventure.player.Player.getName(Player.java:41)
	at main.com.adventure.player.Player.getName(Player.java:41)
	at main.com.adventure.player.Player.getName(Player.java:41)
	at main.com.adventure.player.Player.getName(Player.java:41)
	at main.com.adventure.player.Player.getName(Player.java:41)
	at main.com.adventure.player.Player.getName(Player.java:41)
	at main.com.adventure.player.Player.getName(Player.java:41)
	at main.com.adventure.player.Player.getName(Player.java:41)
	at main.com.adventure.player.Player.getName(Player.java:41)
	at main.com.adventure.player.Player.getName(Player.java:41)
	at main.com.adventure.player.Player.getName(Player.java:41)
	at main.com.adventure.player.Player.getName(Player.java:41)
	at main.com.adventure.player.Player.getName(Player.java:41)
	at main.com.adventure.player.Player.getName(Player.java:41)
	at main.com.adventure.player.Player.getName(Player.java:41)
	at main.com.adventure.player.Player.getName(Player.java:41)
	at main.com.adventure.player.Player.getName(Player.java:41)
	at main.com.adventure.player.Player.getName(Player.java:41)
	at main.com.adventure.player.Player.getName(Player.java:41)
	at main.com.adventure.player.Player.getName(Player.java:41)
	at main.com.adventure.player.Player.getName(Player.java:41)
	at main.com.adventure.player.Player.getName(Player.java:41)
	at main.com.adventure.player.Player.getName(Player.java:41)
	at main.com.adventure.player.Player.getName(Player.java:41)
	at main.com.adventure.player.Player.getName(Player.java:41)
	at main.com.adventure.player.Player.getName(Player.java:41)
	at main.com.adventure.player.Player.getName(Player.java:41)
	at main.com.adventure.player.Player.getName(Player.java:41)
	at main.com.adventure.player.Player.getName(Player.java:41)
	at main.com.adventure.player.Player.getName(Player.java:41)
	at main.com.adventure.player.Player.getName(Player.java:41)
	at main.com.adventure.player.Player.getName(Player.java:41)
	at main.com.adventure.player.Player.getName(Player.java:41)
	at main.com.adventure.player.Player.getName(Player.java:41)
	at main.com.adventure.player.Player.getName(Player.java:41)
	at main.com.adventure.player.Player.getName(Player.java:41)
	at main.com.adventure.player.Player.getName(Player.java:41)
	at main.com.adventure.player.Player.getName(Player.java:41)
	at main.com.adventure.player.Player.getName(Player.java:41)
	at main.com.adventure.player.Player.getName(Player.java:41)
	at main.com.adventure.player.Player.getName(Player.java:41)
	at main.com.adventure.player.Player.getName(Player.java:41)
	at main.com.adventure.player.Player.getName(Player.java:41)
	at main.com.adventure.player.Player.getName(Player.java:41)
	at main.com.adventure.player.Player.getName(Player.java:41)
	at main.com.adventure.player.Player.getName(Player.java:41)
	at main.com.adventure.player.Player.getName(Player.java:41)
	at main.com.adventure.player.Player.getName(Player.java:41)
	at main.com.adventure.player.Player.getName(Player.java:41)
	at main.com.adventure.player.Player.getName(Player.java:41)
	at main.com.adventure.player.Player.getName(Player.java:41)
	at main.com.adventure.player.Player.getName(Player.java:41)
	at main.com.adventure.player.Player.getName(Player.java:41)
	at main.com.adventure.player.Player.getName(Player.java:41)
	at main.com.adventure.player.Player.getName(Player.java:41)
	at main.com.adventure.player.Player.getName(Player.java:41)
	at main.com.adventure.player.Player.getName(Player.java:41)
	at main.com.adventure.player.Player.getName(Player.java:41)
	at main.com.adventure.player.Player.getName(Player.java:41)
	at main.com.adventure.player.Player.getName(Player.java:41)
	at main.com.adventure.player.Player.getName(Player.java:41)
	at main.com.adventure.player.Player.getName(Player.java:41)
	at main.com.adventure.player.Player.getName(Player.java:41)
	at main.com.adventure.player.Player.getName(Player.java:41)
	at main.com.adventure.player.Player.getName(Player.java:41)
	at main.com.adventure.player.Player.getName(Player.java:41)
	at main.com.adventure.player.Player.getName(Player.java:41)
	at main.com.adventure.player.Player.getName(Player.java:41)
	at main.com.adventure.player.Player.getName(Player.java:41)
	at main.com.adventure.player.Player.getName(Player.java:41)
	at main.com.adventure.player.Player.getName(Player.java:41)
	at main.com.adventure.player.Player.getName(Player.java:41)
	at main.com.adventure.player.Player.getName(Player.java:41)
	at main.com.adventure.player.Player.getName(Player.java:41)
	at main.com.adventure.player.Player.getName(Player.java:41)
	at main.com.adventure.player.Player.getName(Player.java:41)
	at main.com.adventure.player.Player.getName(Player.java:41)
	at main.com.adventure.player.Player.getName(Player.java:41)
	at main.com.adventure.player.Player.getName(Player.java:41)
	at main.com.adventure.player.Player.getName(Player.java:41)
	at main.com.adventure.player.Player.getName(Player.java:41)
	at main.com.adventure.player.Player.getName(Player.java:41)
	at main.com.adventure.player.Player.getName(Player.java:41)
	at main.com.adventure.player.Player.getName(Player.java:41)
	at main.com.adventure.player.Player.getName(Player.java:41)
	at main.com.adventure.player.Player.getName(Player.java:41)
	at main.com.adventure.player.Player.getName(Player.java:41)
	at main.com.adventure.player.Player.getName(Player.java:41)
	at main.com.adventure.player.Player.getName(Player.java:41)
	at main.com.adventure.player.Player.getName(Player.java:41)
	at main.com.adventure.player.Player.getName(Player.java:41)
	at main.com.adventure.player.Player.getName(Player.java:41)
	at main.com.adventure.player.Player.getName(Player.java:41)
	at main.com.adventure.player.Player.getName(Player.java:41)
	at main.com.adventure.player.Player.getName(Player.java:41)
	at main.com.adventure.player.Player.getName(Player.java:41)
	at main.com.adventure.player.Player.getName(Player.java:41)
	at main.com.adventure.player.Player.getName(Player.java:41)
	at main.com.adventure.player.Player.getName(Player.java:41)
	at main.com.adventure.player.Player.getName(Player.java:41)
	at main.com.adventure.player.Player.getName(Player.java:41)
	at main.com.adventure.player.Player.getName(Player.java:41)
	at main.com.adventure.player.Player.getName(Player.java:41)
	at main.com.adventure.player.Player.getName(Player.java:41)
	at main.com.adventure.player.Player.getName(Player.java:41)
	at main.com.adventure.player.Player.getName(Player.java:41)
	at main.com.adventure.player.Player.getName(Player.java:41)
	at main.com.adventure.player.Player.getName(Player.java:41)
	at main.com.adventure.player.Player.getName(Player.java:41)
	at main.com.adventure.player.Player.getName(Player.java:41)
	at main.com.adventure.player.Player.getName(Player.java:41)
	at main.com.adventure.player.Player.getName(Player.java:41)
	at main.com.adventure.player.Player.getName(Player.java:41)
	at main.com.adventure.player.Player.getName(Player.java:41)
	at main.com.adventure.player.Player.getName(Player.java:41)
	at main.com.adventure.player.Player.getName(Player.java:41)
	at main.com.adventure.player.Player.getName(Player.java:41)
	at main.com.adventure.player.Player.getName(Player.java:41)
	at main.com.adventure.player.Player.getName(Player.java:41)
	at main.com.adventure.player.Player.getName(Player.java:41)
	at main.com.adventure.player.Player.getName(Player.java:41)
	at main.com.adventure.player.Player.getName(Player.java:41)
	at main.com.adventure.player.Player.getName(Player.java:41)
	at main.com.adventure.player.Player.getName(Player.java:41)
	at main.com.adventure.player.Player.getName(Player.java:41)
	at main.com.adventure.player.Player.getName(Player.java:41)
	at main.com.adventure.player.Player.getName(Player.java:41)
	at main.com.adventure.player.Player.getName(Player.java:41)
	at main.com.adventure.player.Player.getName(Player.java:41)
	at main.com.adventure.player.Player.getName(Player.java:41)
	at main.com.adventure.player.Player.getName(Player.java:41)
	at main.com.adventure.player.Player.getName(Player.java:41)
	at main.com.adventure.player.Player.getName(Player.java:41)
	at main.com.adventure.player.Player.getName(Player.java:41)
	at main.com.adventure.player.Player.getName(Player.java:41)
	at main.com.adventure.player.Player.getName(Player.java:41)
	at main.com.adventure.player.Player.getName(Player.java:41)
	at main.com.adventure.player.Player.getName(Player.java:41)
	at main.com.adventure.player.Player.getName(Player.java:41)
	at main.com.adventure.player.Player.getName(Player.java:41)
	at main.com.adventure.player.Player.getName(Player.java:41)
	at main.com.adventure.player.Player.getName(Player.java:41)
	at main.com.adventure.player.Player.getName(Player.java:41)
	at main.com.adventure.player.Player.getName(Player.java:41)
	at main.com.adventure.player.Player.getName(Player.java:41)
	at main.com.adventure.player.Player.getName(Player.java:41)
	at main.com.adventure.player.Player.getName(Player.java:41)
	at main.com.adventure.player.Player.getName(Player.java:41)
	at main.com.adventure.player.Player.getName(Player.java:41)
	at main.com.adventure.player.Player.getName(Player.java:41)
	at main.com.adventure.player.Player.getName(Player.java:41)
	at main.com.adventure.player.Player.getName(Player.java:41)
	at main.com.adventure.player.Player.getName(Player.java:41)
	at main.com.adventure.player.Player.getName(Player.java:41)
	at main.com.adventure.player.Player.getName(Player.java:41)
	at main.com.adventure.player.Player.getName(Player.java:41)
	at main.com.adventure.player.Player.getName(Player.java:41)
	at main.com.adventure.player.Player.getName(Player.java:41)
	at main.com.adventure.player.Player.getName(Player.java:41)
	at main.com.adventure.player.Player.getName(Player.java:41)
	at main.com.adventure.player.Player.getName(Player.java:41)
	at main.com.adventure.player.Player.getName(Player.java:41)
	at main.com.adventure.player.Player.getName(Player.java:41)
	at main.com.adventure.player.Player.getName(Player.java:41)
	at main.com.adventure.player.Player.getName(Player.java:41)
	at main.com.adventure.player.Player.getName(Player.java:41)
	at main.com.adventure.player.Player.getName(Player.java:41)
	at main.com.adventure.player.Player.getName(Player.java:41)
	at main.com.adventure.player.Player.getName(Player.java:41)
	at main.com.adventure.player.Player.getName(Player.java:41)
	at main.com.adventure.player.Player.getName(Player.java:41)
	at main.com.adventure.player.Player.getName(Player.java:41)
	at main.com.adventure.player.Player.getName(Player.java:41)
	at main.com.adventure.player.Player.getName(Player.java:41)
	at main.com.adventure.player.Player.getName(Player.java:41)
	at main.com.adventure.player.Player.getName(Player.java:41)
	at main.com.adventure.player.Player.getName(Player.java:41)
	at main.com.adventure.player.Player.getName(Player.java:41)
	at main.com.adventure.player.Player.getName(Player.java:41)
	at main.com.adventure.player.Player.getName(Player.java:41)
	at main.com.adventure.player.Player.getName(Player.java:41)
	at main.com.adventure.player.Player.getName(Player.java:41)
	at main.com.adventure.player.Player.getName(Player.java:41)
	at main.com.adventure.player.Player.getName(Player.java:41)
	at main.com.adventure.player.Player.getName(Player.java:41)
	at main.com.adventure.player.Player.getName(Player.java:41)
	at main.com.adventure.player.Player.getName(Player.java:41)
	at main.com.adventure.player.Player.getName(Player.java:41)
	at main.com.adventure.player.Player.getName(Player.java:41)
	at main.com.adventure.player.Player.getName(Player.java:41)
	at main.com.adventure.player.Player.getName(Player.java:41)
	at main.com.adventure.player.Player.getName(Player.java:41)
	at main.com.adventure.player.Player.getName(Player.java:41)
	at main.com.adventure.player.Player.getName(Player.java:41)
	at main.com.adventure.player.Player.getName(Player.java:41)
	at main.com.adventure.player.Player.getName(Player.java:41)
	at main.com.adventure.player.Player.getName(Player.java:41)
	at main.com.adventure.player.Player.getName(Player.java:41)
	at main.com.adventure.player.Player.getName(Player.java:41)
	at main.com.adventure.player.Player.getName(Player.java:41)
	at main.com.adventure.player.Player.getName(Player.java:41)
	at main.com.adventure.player.Player.getName(Player.java:41)
	at main.com.adventure.player.Player.getName(Player.java:41)
	at main.com.adventure.player.Player.getName(Player.java:41)
	at main.com.adventure.player.Player.getName(Player.java:41)
	at main.com.adventure.player.Player.getName(Player.java:41)
	at main.com.adventure.player.Player.getName(Player.java:41)
	at main.com.adventure.player.Player.getName(Player.java:41)
	at main.com.adventure.player.Player.getName(Player.java:41)
	at main.com.adventure.player.Player.getName(Player.java:41)
	at main.com.adventure.player.Player.getName(Player.java:41)
	at main.com.adventure.player.Player.getName(Player.java:41)
	at main.com.adventure.player.Player.getName(Player.java:41)
	at main.com.adventure.player.Player.getName(Player.java:41)
	at main.com.adventure.player.Player.getName(Player.java:41)
	at main.com.adventure.player.Player.getName(Player.java:41)
	at main.com.adventure.player.Player.getName(Player.java:41)
	at main.com.adventure.player.Player.getName(Player.java:41)
	at main.com.adventure.player.Player.getName(Player.java:41)
	at main.com.adventure.player.Player.getName(Player.java:41)
	at main.com.adventure.player.Player.getName(Player.java:41)
	at main.com.adventure.player.Player.getName(Player.java:41)
	at main.com.adventure.player.Player.getName(Player.java:41)
	at main.com.adventure.player.Player.getName(Player.java:41)
	at main.com.adventure.player.Player.getName(Player.java:41)
	at main.com.adventure.player.Player.getName(Player.java:41)
	at main.com.adventure.player.Player.getName(Player.java:41)
	at main.com.adventure.player.Player.getName(Player.java:41)
	at main.com.adventure.player.Player.getName(Player.java:41)
	at main.com.adventure.player.Player.getName(Player.java:41)
	at main.com.adventure.player.Player.getName(Player.java:41)
	at main.com.adventure.player.Player.getName(Player.java:41)
	at main.com.adventure.player.Player.getName(Player.java:41)
	at main.com.adventure.player.Player.getName(Player.java:41)
	at main.com.adventure.player.Player.getName(Player.java:41)
	at main.com.adventure.player.Player.getName(Player.java:41)
	at main.com.adventure.player.Player.getName(Player.java:41)
	at main.com.adventure.player.Player.getName(Player.java:41)
	at main.com.adventure.player.Player.getName(Player.java:41)
	at main.com.adventure.player.Player.getName(Player.java:41)
	at main.com.adventure.player.Player.getName(Player.java:41)
	at main.com.adventure.player.Player.getName(Player.java:41)
	at main.com.adventure.player.Player.getName(Player.java:41)
	at main.com.adventure.player.Player.getName(Player.java:41)
	at main.com.adventure.player.Player.getName(Player.java:41)
	at main.com.adventure.player.Player.getName(Player.java:41)
	at main.com.adventure.player.Player.getName(Player.java:41)
	at main.com.adventure.player.Player.getName(Player.java:41)
	at main.com.adventure.player.Player.getName(Player.java:41)
	at main.com.adventure.player.Player.getName(Player.java:41)
	at main.com.adventure.player.Player.getName(Player.java:41)
	at main.com.adventure.player.Player.getName(Player.java:41)
	at main.com.adventure.player.Player.getName(Player.java:41)
	at main.com.adventure.player.Player.getName(Player.java:41)
	at main.com.adventure.player.Player.getName(Player.java:41)
	at main.com.adventure.player.Player.getName(Player.java:41)
	at main.com.adventure.player.Player.getName(Player.java:41)
	at main.com.adventure.player.Player.getName(Player.java:41)
	at main.com.adventure.player.Player.getName(Player.java:41)
	at main.com.adventure.player.Player.getName(Player.java:41)
	at main.com.adventure.player.Player.getName(Player.java:41)
	at main.com.adventure.player.Player.getName(Player.java:41)
	at main.com.adventure.player.Player.getName(Player.java:41)
	at main.com.adventure.player.Player.getName(Player.java:41)
	at main.com.adventure.player.Player.getName(Player.java:41)
	at main.com.adventure.player.Player.getName(Player.java:41)
	at main.com.adventure.player.Player.getName(Player.java:41)
	at main.com.adventure.player.Player.getName(Player.java:41)
	at main.com.adventure.player.Player.getName(Player.java:41)
	at main.com.adventure.player.Player.getName(Player.java:41)
	at main.com.adventure.player.Player.getName(Player.java:41)
	at main.com.adventure.player.Player.getName(Player.java:41)
	at main.com.adventure.player.Player.getName(Player.java:41)
	at main.com.adventure.player.Player.getName(Player.java:41)
	at main.com.adventure.player.Player.getName(Player.java:41)
	at main.com.adventure.player.Player.getName(Player.java:41)
	at main.com.adventure.player.Player.getName(Player.java:41)
	at main.com.adventure.player.Player.getName(Player.java:41)
	at main.com.adventure.player.Player.getName(Player.java:41)
	at main.com.adventure.player.Player.getName(Player.java:41)
	at main.com.adventure.player.Player.getName(Player.java:41)
	at main.com.adventure.player.Player.getName(Player.java:41)
	at main.com.adventure.player.Player.getName(Player.java:41)
	at main.com.adventure.player.Player.getName(Player.java:41)
	at main.com.adventure.player.Player.getName(Player.java:41)
	at main.com.adventure.player.Player.getName(Player.java:41)
	at main.com.adventure.player.Player.getName(Player.java:41)
	at main.com.adventure.player.Player.getName(Player.java:41)
	at main.com.adventure.player.Player.getName(Player.java:41)
	at main.com.adventure.player.Player.getName(Player.java:41)
	at main.com.adventure.player.Player.getName(Player.java:41)
	at main.com.adventure.player.Player.getName(Player.java:41)
	at main.com.adventure.player.Player.getName(Player.java:41)
	at main.com.adventure.player.Player.getName(Player.java:41)
	at main.com.adventure.player.Player.getName(Player.java:41)
	at main.com.adventure.player.Player.getName(Player.java:41)
	at main.com.adventure.player.Player.getName(Player.java:41)
	at main.com.adventure.player.Player.getName(Player.java:41)
	at main.com.adventure.player.Player.getName(Player.java:41)
	at main.com.adventure.player.Player.getName(Player.java:41)
	at main.com.adventure.player.Player.getName(Player.java:41)
	at main.com.adventure.player.Player.getName(Player.java:41)
	at main.com.adventure.player.Player.getName(Player.java:41)
	at main.com.adventure.player.Player.getName(Player.java:41)
	at main.com.adventure.player.Player.getName(Player.java:41)
	at main.com.adventure.player.Player.getName(Player.java:41)
	at main.com.adventure.player.Player.getName(Player.java:41)
	at main.com.adventure.player.Player.getName(Player.java:41)
	at main.com.adventure.player.Player.getName(Player.java:41)
	at main.com.adventure.player.Player.getName(Player.java:41)
	at main.com.adventure.player.Player.getName(Player.java:41)
	at main.com.adventure.player.Player.getName(Player.java:41)
	at main.com.adventure.player.Player.getName(Player.java:41)
	at main.com.adventure.player.Player.getName(Player.java:41)
	at main.com.adventure.player.Player.getName(Player.java:41)
	at main.com.adventure.player.Player.getName(Player.java:41)
	at main.com.adventure.player.Player.getName(Player.java:41)
	at main.com.adventure.player.Player.getName(Player.java:41)
	at main.com.adventure.player.Player.getName(Player.java:41)
	at main.com.adventure.player.Player.getName(Player.java:41)
	at main.com.adventure.player.Player.getName(Player.java:41)
	at main.com.adventure.player.Player.getName(Player.java:41)
	at main.com.adventure.player.Player.getName(Player.java:41)
	at main.com.adventure.player.Player.getName(Player.java:41)
	at main.com.adventure.player.Player.getName(Player.java:41)
	at main.com.adventure.player.Player.getName(Player.java:41)
	at main.com.adventure.player.Player.getName(Player.java:41)
	at main.com.adventure.player.Player.getName(Player.java:41)
	at main.com.adventure.player.Player.getName(Player.java:41)
	at main.com.adventure.player.Player.getName(Player.java:41)
	at main.com.adventure.player.Player.getName(Player.java:41)
	at main.com.adventure.player.Player.getName(Player.java:41)
	at main.com.adventure.player.Player.getName(Player.java:41)
	at main.com.adventure.player.Player.getName(Player.java:41)
	at main.com.adventure.player.Player.getName(Player.java:41)
	at main.com.adventure.player.Player.getName(Player.java:41)
	at main.com.adventure.player.Player.getName(Player.java:41)
	at main.com.adventure.player.Player.getName(Player.java:41)
	at main.com.adventure.player.Player.getName(Player.java:41)
	at main.com.adventure.player.Player.getName(Player.java:41)
	at main.com.adventure.player.Player.getName(Player.java:41)
	at main.com.adventure.player.Player.getName(Player.java:41)
	at main.com.adventure.player.Player.getName(Player.java:41)
	at main.com.adventure.player.Player.getName(Player.java:41)
	at main.com.adventure.player.Player.getName(Player.java:41)
</failure>
  </testcase>
  <system-out><![CDATA[]]></system-out>
  <system-err><![CDATA[]]></system-err>
</testsuite>
