<?xml version="1.0" encoding="UTF-8"?>
<testsuite name="com.adventure.MT3" tests="10" skipped="0" failures="0" errors="0" timestamp="2022-06-10T18:33:32" hostname="DESKTOP-AH4RJJG" time="0.637">
  <properties/>
  <testcase name="testPlayerMovementInvalid()" classname="com.adventure.MT3" time="0.031"/>
  <testcase name="testPlayerMovementEast()" classname="com.adventure.MT3" time="0.002"/>
  <testcase name="testPlayerMovementWest()" classname="com.adventure.MT3" time="0.001"/>
  <testcase name="testInvalidMoveInput()" classname="com.adventure.MT3" time="0.586"/>
  <testcase name="testPrompt2()" classname="com.adventure.MT3" time="0.002"/>
  <testcase name="checkMoveInputEast()" classname="com.adventure.MT3" time="0.001"/>
  <testcase name="checkMoveInputWest()" classname="com.adventure.MT3" time="0.002"/>
  <testcase name="testUseInput()" classname="com.adventure.MT3" time="0.008"/>
  <testcase name="checkSimpleInput()" classname="com.adventure.MT3" time="0.001"/>
  <testcase name="testPrompt()" classname="com.adventure.MT3" time="0.0"/>
  <system-out><![CDATA[]]></system-out>
  <system-err><![CDATA[]]></system-err>
</testsuite>
